[2024-05-17 08:55:53] local.ERROR: SQLSTATE[HY000] [1045] Access denied for user 'root'@'localhost' (using password: NO) (Connection: mysql, SQL: select * from `users` where `email` = 3237078@mail.ru limit 1) {"exception":"[object] (Illuminate\\Database\\QueryException(code: 1045): SQLSTATE[HY000] [1045] Access denied for user 'root'@'localhost' (using password: NO) (Connection: mysql, SQL: select * from `users` where `email` = 3237078@mail.ru limit 1) at /var/www/u2575153/data/www/smart-resources.tech/vendor/laravel/framework/src/Illuminate/Database/Connection.php:829)
[stacktrace]
#0 /var/www/u2575153/data/www/smart-resources.tech/vendor/laravel/framework/src/Illuminate/Database/Connection.php(783): Illuminate\\Database\\Connection->runQueryCallback('select * from `...', Array, Object(Closure))
#1 /var/www/u2575153/data/www/smart-resources.tech/vendor/laravel/framework/src/Illuminate/Database/Connection.php(431): Illuminate\\Database\\Connection->run('select * from `...', Array, Object(Closure))
#2 /var/www/u2575153/data/www/smart-resources.tech/vendor/laravel/framework/src/Illuminate/Database/Query/Builder.php(2872): Illuminate\\Database\\Connection->select('select * from `...', Array, true)
#3 /var/www/u2575153/data/www/smart-resources.tech/vendor/laravel/framework/src/Illuminate/Database/Query/Builder.php(2860): Illuminate\\Database\\Query\\Builder->runSelect()
#4 /var/www/u2575153/data/www/smart-resources.tech/vendor/laravel/framework/src/Illuminate/Database/Query/Builder.php(3414): Illuminate\\Database\\Query\\Builder->Illuminate\\Database\\Query\\{closure}()
#5 /var/www/u2575153/data/www/smart-resources.tech/vendor/laravel/framework/src/Illuminate/Database/Query/Builder.php(2861): Illuminate\\Database\\Query\\Builder->onceWithColumns(Array, Object(Closure))
#6 /var/www/u2575153/data/www/smart-resources.tech/vendor/laravel/framework/src/Illuminate/Database/Eloquent/Builder.php(739): Illuminate\\Database\\Query\\Builder->get(Array)
#7 /var/www/u2575153/data/www/smart-resources.tech/vendor/laravel/framework/src/Illuminate/Database/Eloquent/Builder.php(723): Illuminate\\Database\\Eloquent\\Builder->getModels(Array)
#8 /var/www/u2575153/data/www/smart-resources.tech/vendor/laravel/framework/src/Illuminate/Database/Concerns/BuildsQueries.php(333): Illuminate\\Database\\Eloquent\\Builder->get(Array)
#9 /var/www/u2575153/data/www/smart-resources.tech/vendor/laravel/framework/src/Illuminate/Auth/EloquentUserProvider.php(139): Illuminate\\Database\\Eloquent\\Builder->first()
#10 /var/www/u2575153/data/www/smart-resources.tech/vendor/laravel/framework/src/Illuminate/Auth/SessionGuard.php(381): Illuminate\\Auth\\EloquentUserProvider->retrieveByCredentials(Array)
#11 /var/www/u2575153/data/www/smart-resources.tech/vendor/laravel/framework/src/Illuminate/Auth/AuthManager.php(340): Illuminate\\Auth\\SessionGuard->attempt(Array, false)
#12 /var/www/u2575153/data/www/smart-resources.tech/vendor/laravel/framework/src/Illuminate/Support/Facades/Facade.php(355): Illuminate\\Auth\\AuthManager->__call('attempt', Array)
#13 /var/www/u2575153/data/www/smart-resources.tech/app/Http/Controllers/Auth/LoginController.php(25): Illuminate\\Support\\Facades\\Facade::__callStatic('attempt', Array)
#14 /var/www/u2575153/data/www/smart-resources.tech/vendor/laravel/framework/src/Illuminate/Routing/Controller.php(54): App\\Http\\Controllers\\Auth\\LoginController->store(Object(Illuminate\\Http\\Request))
#15 /var/www/u2575153/data/www/smart-resources.tech/vendor/laravel/framework/src/Illuminate/Routing/ControllerDispatcher.php(43): Illuminate\\Routing\\Controller->callAction('store', Array)
#16 /var/www/u2575153/data/www/smart-resources.tech/vendor/laravel/framework/src/Illuminate/Routing/Route.php(260): Illuminate\\Routing\\ControllerDispatcher->dispatch(Object(Illuminate\\Routing\\Route), Object(App\\Http\\Controllers\\Auth\\LoginController), 'store')
#17 /var/www/u2575153/data/www/smart-resources.tech/vendor/laravel/framework/src/Illuminate/Routing/Route.php(205): Illuminate\\Routing\\Route->runController()
#18 /var/www/u2575153/data/www/smart-resources.tech/vendor/laravel/framework/src/Illuminate/Routing/Router.php(806): Illuminate\\Routing\\Route->run()
#19 /var/www/u2575153/data/www/smart-resources.tech/vendor/laravel/framework/src/Illuminate/Pipeline/Pipeline.php(144): Illuminate\\Routing\\Router->Illuminate\\Routing\\{closure}(Object(Illuminate\\Http\\Request))
#20 /var/www/u2575153/data/www/smart-resources.tech/app/Http/Middleware/RedirectIfAuthenticated.php(28): Illuminate\\Pipeline\\Pipeline->Illuminate\\Pipeline\\{closure}(Object(Illuminate\\Http\\Request))
#21 /var/www/u2575153/data/www/smart-resources.tech/vendor/laravel/framework/src/Illuminate/Pipeline/Pipeline.php(183): App\\Http\\Middleware\\RedirectIfAuthenticated->handle(Object(Illuminate\\Http\\Request), Object(Closure))
#22 /var/www/u2575153/data/www/smart-resources.tech/vendor/laravel/framework/src/Illuminate/Routing/Middleware/SubstituteBindings.php(50): Illuminate\\Pipeline\\Pipeline->Illuminate\\Pipeline\\{closure}(Object(Illuminate\\Http\\Request))
#23 /var/www/u2575153/data/www/smart-resources.tech/vendor/laravel/framework/src/Illuminate/Pipeline/Pipeline.php(183): Illuminate\\Routing\\Middleware\\SubstituteBindings->handle(Object(Illuminate\\Http\\Request), Object(Closure))
#24 /var/www/u2575153/data/www/smart-resources.tech/vendor/laravel/framework/src/Illuminate/Foundation/Http/Middleware/VerifyCsrfToken.php(78): Illuminate\\Pipeline\\Pipeline->Illuminate\\Pipeline\\{closure}(Object(Illuminate\\Http\\Request))
#25 /var/www/u2575153/data/www/smart-resources.tech/vendor/laravel/framework/src/Illuminate/Pipeline/Pipeline.php(183): Illuminate\\Foundation\\Http\\Middleware\\VerifyCsrfToken->handle(Object(Illuminate\\Http\\Request), Object(Closure))
#26 /var/www/u2575153/data/www/smart-resources.tech/vendor/laravel/framework/src/Illuminate/View/Middleware/ShareErrorsFromSession.php(49): Illuminate\\Pipeline\\Pipeline->Illuminate\\Pipeline\\{closure}(Object(Illuminate\\Http\\Request))
#27 /var/www/u2575153/data/www/smart-resources.tech/vendor/laravel/framework/src/Illuminate/Pipeline/Pipeline.php(183): Illuminate\\View\\Middleware\\ShareErrorsFromSession->handle(Object(Illuminate\\Http\\Request), Object(Closure))
#28 /var/www/u2575153/data/www/smart-resources.tech/vendor/laravel/framework/src/Illuminate/Session/Middleware/StartSession.php(121): Illuminate\\Pipeline\\Pipeline->Illuminate\\Pipeline\\{closure}(Object(Illuminate\\Http\\Request))
#29 /var/www/u2575153/data/www/smart-resources.tech/vendor/laravel/framework/src/Illuminate/Session/Middleware/StartSession.php(64): Illuminate\\Session\\Middleware\\StartSession->handleStatefulRequest(Object(Illuminate\\Http\\Request), Object(Illuminate\\Session\\Store), Object(Closure))
#30 /var/www/u2575153/data/www/smart-resources.tech/vendor/laravel/framework/src/Illuminate/Pipeline/Pipeline.php(183): Illuminate\\Session\\Middleware\\StartSession->handle(Object(Illuminate\\Http\\Request), Object(Closure))
#31 /var/www/u2575153/data/www/smart-resources.tech/vendor/laravel/framework/src/Illuminate/Cookie/Middleware/AddQueuedCookiesToResponse.php(37): Illuminate\\Pipeline\\Pipeline->Illuminate\\Pipeline\\{closure}(Object(Illuminate\\Http\\Request))
#32 /var/www/u2575153/data/www/smart-resources.tech/vendor/laravel/framework/src/Illuminate/Pipeline/Pipeline.php(183): Illuminate\\Cookie\\Middleware\\AddQueuedCookiesToResponse->handle(Object(Illuminate\\Http\\Request), Object(Closure))
#33 /var/www/u2575153/data/www/smart-resources.tech/vendor/laravel/framework/src/Illuminate/Cookie/Middleware/EncryptCookies.php(67): Illuminate\\Pipeline\\Pipeline->Illuminate\\Pipeline\\{closure}(Object(Illuminate\\Http\\Request))
#34 /var/www/u2575153/data/www/smart-resources.tech/vendor/laravel/framework/src/Illuminate/Pipeline/Pipeline.php(183): Illuminate\\Cookie\\Middleware\\EncryptCookies->handle(Object(Illuminate\\Http\\Request), Object(Closure))
#35 /var/www/u2575153/data/www/smart-resources.tech/vendor/laravel/framework/src/Illuminate/Pipeline/Pipeline.php(119): Illuminate\\Pipeline\\Pipeline->Illuminate\\Pipeline\\{closure}(Object(Illuminate\\Http\\Request))
#36 /var/www/u2575153/data/www/smart-resources.tech/vendor/laravel/framework/src/Illuminate/Routing/Router.php(807): Illuminate\\Pipeline\\Pipeline->then(Object(Closure))
#37 /var/www/u2575153/data/www/smart-resources.tech/vendor/laravel/framework/src/Illuminate/Routing/Router.php(784): Illuminate\\Routing\\Router->runRouteWithinStack(Object(Illuminate\\Routing\\Route), Object(Illuminate\\Http\\Request))
#38 /var/www/u2575153/data/www/smart-resources.tech/vendor/laravel/framework/src/Illuminate/Routing/Router.php(748): Illuminate\\Routing\\Router->runRoute(Object(Illuminate\\Http\\Request), Object(Illuminate\\Routing\\Route))
#39 /var/www/u2575153/data/www/smart-resources.tech/vendor/laravel/framework/src/Illuminate/Routing/Router.php(737): Illuminate\\Routing\\Router->dispatchToRoute(Object(Illuminate\\Http\\Request))
#40 /var/www/u2575153/data/www/smart-resources.tech/vendor/laravel/framework/src/Illuminate/Foundation/Http/Kernel.php(200): Illuminate\\Routing\\Router->dispatch(Object(Illuminate\\Http\\Request))
#41 /var/www/u2575153/data/www/smart-resources.tech/vendor/laravel/framework/src/Illuminate/Pipeline/Pipeline.php(144): Illuminate\\Foundation\\Http\\Kernel->Illuminate\\Foundation\\Http\\{closure}(Object(Illuminate\\Http\\Request))
#42 /var/www/u2575153/data/www/smart-resources.tech/vendor/laravel/framework/src/Illuminate/Foundation/Http/Middleware/TransformsRequest.php(21): Illuminate\\Pipeline\\Pipeline->Illuminate\\Pipeline\\{closure}(Object(Illuminate\\Http\\Request))
#43 /var/www/u2575153/data/www/smart-resources.tech/vendor/laravel/framework/src/Illuminate/Foundation/Http/Middleware/ConvertEmptyStringsToNull.php(31): Illuminate\\Foundation\\Http\\Middleware\\TransformsRequest->handle(Object(Illuminate\\Http\\Request), Object(Closure))
#44 /var/www/u2575153/data/www/smart-resources.tech/vendor/laravel/framework/src/Illuminate/Pipeline/Pipeline.php(183): Illuminate\\Foundation\\Http\\Middleware\\ConvertEmptyStringsToNull->handle(Object(Illuminate\\Http\\Request), Object(Closure))
#45 /var/www/u2575153/data/www/smart-resources.tech/vendor/laravel/framework/src/Illuminate/Foundation/Http/Middleware/TransformsRequest.php(21): Illuminate\\Pipeline\\Pipeline->Illuminate\\Pipeline\\{closure}(Object(Illuminate\\Http\\Request))
#46 /var/www/u2575153/data/www/smart-resources.tech/vendor/laravel/framework/src/Illuminate/Foundation/Http/Middleware/TrimStrings.php(40): Illuminate\\Foundation\\Http\\Middleware\\TransformsRequest->handle(Object(Illuminate\\Http\\Request), Object(Closure))
#47 /var/www/u2575153/data/www/smart-resources.tech/vendor/laravel/framework/src/Illuminate/Pipeline/Pipeline.php(183): Illuminate\\Foundation\\Http\\Middleware\\TrimStrings->handle(Object(Illuminate\\Http\\Request), Object(Closure))
#48 /var/www/u2575153/data/www/smart-resources.tech/vendor/laravel/framework/src/Illuminate/Foundation/Http/Middleware/ValidatePostSize.php(27): Illuminate\\Pipeline\\Pipeline->Illuminate\\Pipeline\\{closure}(Object(Illuminate\\Http\\Request))
#49 /var/www/u2575153/data/www/smart-resources.tech/vendor/laravel/framework/src/Illuminate/Pipeline/Pipeline.php(183): Illuminate\\Foundation\\Http\\Middleware\\ValidatePostSize->handle(Object(Illuminate\\Http\\Request), Object(Closure))
#50 /var/www/u2575153/data/www/smart-resources.tech/vendor/laravel/framework/src/Illuminate/Foundation/Http/Middleware/PreventRequestsDuringMaintenance.php(99): Illuminate\\Pipeline\\Pipeline->Illuminate\\Pipeline\\{closure}(Object(Illuminate\\Http\\Request))
#51 /var/www/u2575153/data/www/smart-resources.tech/vendor/laravel/framework/src/Illuminate/Pipeline/Pipeline.php(183): Illuminate\\Foundation\\Http\\Middleware\\PreventRequestsDuringMaintenance->handle(Object(Illuminate\\Http\\Request), Object(Closure))
#52 /var/www/u2575153/data/www/smart-resources.tech/vendor/laravel/framework/src/Illuminate/Http/Middleware/HandleCors.php(49): Illuminate\\Pipeline\\Pipeline->Illuminate\\Pipeline\\{closure}(Object(Illuminate\\Http\\Request))
#53 /var/www/u2575153/data/www/smart-resources.tech/vendor/laravel/framework/src/Illuminate/Pipeline/Pipeline.php(183): Illuminate\\Http\\Middleware\\HandleCors->handle(Object(Illuminate\\Http\\Request), Object(Closure))
#54 /var/www/u2575153/data/www/smart-resources.tech/vendor/laravel/framework/src/Illuminate/Http/Middleware/TrustProxies.php(39): Illuminate\\Pipeline\\Pipeline->Illuminate\\Pipeline\\{closure}(Object(Illuminate\\Http\\Request))
#55 /var/www/u2575153/data/www/smart-resources.tech/vendor/laravel/framework/src/Illuminate/Pipeline/Pipeline.php(183): Illuminate\\Http\\Middleware\\TrustProxies->handle(Object(Illuminate\\Http\\Request), Object(Closure))
#56 /var/www/u2575153/data/www/smart-resources.tech/vendor/laravel/framework/src/Illuminate/Pipeline/Pipeline.php(119): Illuminate\\Pipeline\\Pipeline->Illuminate\\Pipeline\\{closure}(Object(Illuminate\\Http\\Request))
#57 /var/www/u2575153/data/www/smart-resources.tech/vendor/laravel/framework/src/Illuminate/Foundation/Http/Kernel.php(175): Illuminate\\Pipeline\\Pipeline->then(Object(Closure))
#58 /var/www/u2575153/data/www/smart-resources.tech/vendor/laravel/framework/src/Illuminate/Foundation/Http/Kernel.php(144): Illuminate\\Foundation\\Http\\Kernel->sendRequestThroughRouter(Object(Illuminate\\Http\\Request))
#59 /var/www/u2575153/data/www/smart-resources.tech/public/index.php(52): Illuminate\\Foundation\\Http\\Kernel->handle(Object(Illuminate\\Http\\Request))
#60 {main}

[previous exception] [object] (PDOException(code: 1045): SQLSTATE[HY000] [1045] Access denied for user 'root'@'localhost' (using password: NO) at /var/www/u2575153/data/www/smart-resources.tech/vendor/laravel/framework/src/Illuminate/Database/Connectors/Connector.php:65)
[stacktrace]
#0 /var/www/u2575153/data/www/smart-resources.tech/vendor/laravel/framework/src/Illuminate/Database/Connectors/Connector.php(65): PDO->__construct('mysql:host=127....', 'root', '', Array)
#1 /var/www/u2575153/data/www/smart-resources.tech/vendor/laravel/framework/src/Illuminate/Database/Connectors/Connector.php(45): Illuminate\\Database\\Connectors\\Connector->createPdoConnection('mysql:host=127....', 'root', '', Array)
#2 /var/www/u2575153/data/www/smart-resources.tech/vendor/laravel/framework/src/Illuminate/Database/Connectors/MySqlConnector.php(24): Illuminate\\Database\\Connectors\\Connector->createConnection('mysql:host=127....', Array, Array)
#3 /var/www/u2575153/data/www/smart-resources.tech/vendor/laravel/framework/src/Illuminate/Database/Connectors/ConnectionFactory.php(184): Illuminate\\Database\\Connectors\\MySqlConnector->connect(Array)
#4 [internal function]: Illuminate\\Database\\Connectors\\ConnectionFactory->Illuminate\\Database\\Connectors\\{closure}()
#5 /var/www/u2575153/data/www/smart-resources.tech/vendor/laravel/framework/src/Illuminate/Database/Connection.php(1339): call_user_func(Object(Closure))
#6 /var/www/u2575153/data/www/smart-resources.tech/vendor/laravel/framework/src/Illuminate/Database/Connection.php(1375): Illuminate\\Database\\Connection->getPdo()
#7 /var/www/u2575153/data/www/smart-resources.tech/vendor/laravel/framework/src/Illuminate/Database/Connection.php(528): Illuminate\\Database\\Connection->getReadPdo()
#8 /var/www/u2575153/data/www/smart-resources.tech/vendor/laravel/framework/src/Illuminate/Database/Connection.php(423): Illuminate\\Database\\Connection->getPdoForSelect(true)
#9 /var/www/u2575153/data/www/smart-resources.tech/vendor/laravel/framework/src/Illuminate/Database/Connection.php(816): Illuminate\\Database\\Connection->Illuminate\\Database\\{closure}('select * from `...', Array)
#10 /var/www/u2575153/data/www/smart-resources.tech/vendor/laravel/framework/src/Illuminate/Database/Connection.php(783): Illuminate\\Database\\Connection->runQueryCallback('select * from `...', Array, Object(Closure))
#11 /var/www/u2575153/data/www/smart-resources.tech/vendor/laravel/framework/src/Illuminate/Database/Connection.php(431): Illuminate\\Database\\Connection->run('select * from `...', Array, Object(Closure))
#12 /var/www/u2575153/data/www/smart-resources.tech/vendor/laravel/framework/src/Illuminate/Database/Query/Builder.php(2872): Illuminate\\Database\\Connection->select('select * from `...', Array, true)
#13 /var/www/u2575153/data/www/smart-resources.tech/vendor/laravel/framework/src/Illuminate/Database/Query/Builder.php(2860): Illuminate\\Database\\Query\\Builder->runSelect()
#14 /var/www/u2575153/data/www/smart-resources.tech/vendor/laravel/framework/src/Illuminate/Database/Query/Builder.php(3414): Illuminate\\Database\\Query\\Builder->Illuminate\\Database\\Query\\{closure}()
#15 /var/www/u2575153/data/www/smart-resources.tech/vendor/laravel/framework/src/Illuminate/Database/Query/Builder.php(2861): Illuminate\\Database\\Query\\Builder->onceWithColumns(Array, Object(Closure))
#16 /var/www/u2575153/data/www/smart-resources.tech/vendor/laravel/framework/src/Illuminate/Database/Eloquent/Builder.php(739): Illuminate\\Database\\Query\\Builder->get(Array)
#17 /var/www/u2575153/data/www/smart-resources.tech/vendor/laravel/framework/src/Illuminate/Database/Eloquent/Builder.php(723): Illuminate\\Database\\Eloquent\\Builder->getModels(Array)
#18 /var/www/u2575153/data/www/smart-resources.tech/vendor/laravel/framework/src/Illuminate/Database/Concerns/BuildsQueries.php(333): Illuminate\\Database\\Eloquent\\Builder->get(Array)
#19 /var/www/u2575153/data/www/smart-resources.tech/vendor/laravel/framework/src/Illuminate/Auth/EloquentUserProvider.php(139): Illuminate\\Database\\Eloquent\\Builder->first()
#20 /var/www/u2575153/data/www/smart-resources.tech/vendor/laravel/framework/src/Illuminate/Auth/SessionGuard.php(381): Illuminate\\Auth\\EloquentUserProvider->retrieveByCredentials(Array)
#21 /var/www/u2575153/data/www/smart-resources.tech/vendor/laravel/framework/src/Illuminate/Auth/AuthManager.php(340): Illuminate\\Auth\\SessionGuard->attempt(Array, false)
#22 /var/www/u2575153/data/www/smart-resources.tech/vendor/laravel/framework/src/Illuminate/Support/Facades/Facade.php(355): Illuminate\\Auth\\AuthManager->__call('attempt', Array)
#23 /var/www/u2575153/data/www/smart-resources.tech/app/Http/Controllers/Auth/LoginController.php(25): Illuminate\\Support\\Facades\\Facade::__callStatic('attempt', Array)
#24 /var/www/u2575153/data/www/smart-resources.tech/vendor/laravel/framework/src/Illuminate/Routing/Controller.php(54): App\\Http\\Controllers\\Auth\\LoginController->store(Object(Illuminate\\Http\\Request))
#25 /var/www/u2575153/data/www/smart-resources.tech/vendor/laravel/framework/src/Illuminate/Routing/ControllerDispatcher.php(43): Illuminate\\Routing\\Controller->callAction('store', Array)
#26 /var/www/u2575153/data/www/smart-resources.tech/vendor/laravel/framework/src/Illuminate/Routing/Route.php(260): Illuminate\\Routing\\ControllerDispatcher->dispatch(Object(Illuminate\\Routing\\Route), Object(App\\Http\\Controllers\\Auth\\LoginController), 'store')
#27 /var/www/u2575153/data/www/smart-resources.tech/vendor/laravel/framework/src/Illuminate/Routing/Route.php(205): Illuminate\\Routing\\Route->runController()
#28 /var/www/u2575153/data/www/smart-resources.tech/vendor/laravel/framework/src/Illuminate/Routing/Router.php(806): Illuminate\\Routing\\Route->run()
#29 /var/www/u2575153/data/www/smart-resources.tech/vendor/laravel/framework/src/Illuminate/Pipeline/Pipeline.php(144): Illuminate\\Routing\\Router->Illuminate\\Routing\\{closure}(Object(Illuminate\\Http\\Request))
#30 /var/www/u2575153/data/www/smart-resources.tech/app/Http/Middleware/RedirectIfAuthenticated.php(28): Illuminate\\Pipeline\\Pipeline->Illuminate\\Pipeline\\{closure}(Object(Illuminate\\Http\\Request))
#31 /var/www/u2575153/data/www/smart-resources.tech/vendor/laravel/framework/src/Illuminate/Pipeline/Pipeline.php(183): App\\Http\\Middleware\\RedirectIfAuthenticated->handle(Object(Illuminate\\Http\\Request), Object(Closure))
#32 /var/www/u2575153/data/www/smart-resources.tech/vendor/laravel/framework/src/Illuminate/Routing/Middleware/SubstituteBindings.php(50): Illuminate\\Pipeline\\Pipeline->Illuminate\\Pipeline\\{closure}(Object(Illuminate\\Http\\Request))
#33 /var/www/u2575153/data/www/smart-resources.tech/vendor/laravel/framework/src/Illuminate/Pipeline/Pipeline.php(183): Illuminate\\Routing\\Middleware\\SubstituteBindings->handle(Object(Illuminate\\Http\\Request), Object(Closure))
#34 /var/www/u2575153/data/www/smart-resources.tech/vendor/laravel/framework/src/Illuminate/Foundation/Http/Middleware/VerifyCsrfToken.php(78): Illuminate\\Pipeline\\Pipeline->Illuminate\\Pipeline\\{closure}(Object(Illuminate\\Http\\Request))
#35 /var/www/u2575153/data/www/smart-resources.tech/vendor/laravel/framework/src/Illuminate/Pipeline/Pipeline.php(183): Illuminate\\Foundation\\Http\\Middleware\\VerifyCsrfToken->handle(Object(Illuminate\\Http\\Request), Object(Closure))
#36 /var/www/u2575153/data/www/smart-resources.tech/vendor/laravel/framework/src/Illuminate/View/Middleware/ShareErrorsFromSession.php(49): Illuminate\\Pipeline\\Pipeline->Illuminate\\Pipeline\\{closure}(Object(Illuminate\\Http\\Request))
#37 /var/www/u2575153/data/www/smart-resources.tech/vendor/laravel/framework/src/Illuminate/Pipeline/Pipeline.php(183): Illuminate\\View\\Middleware\\ShareErrorsFromSession->handle(Object(Illuminate\\Http\\Request), Object(Closure))
#38 /var/www/u2575153/data/www/smart-resources.tech/vendor/laravel/framework/src/Illuminate/Session/Middleware/StartSession.php(121): Illuminate\\Pipeline\\Pipeline->Illuminate\\Pipeline\\{closure}(Object(Illuminate\\Http\\Request))
#39 /var/www/u2575153/data/www/smart-resources.tech/vendor/laravel/framework/src/Illuminate/Session/Middleware/StartSession.php(64): Illuminate\\Session\\Middleware\\StartSession->handleStatefulRequest(Object(Illuminate\\Http\\Request), Object(Illuminate\\Session\\Store), Object(Closure))
#40 /var/www/u2575153/data/www/smart-resources.tech/vendor/laravel/framework/src/Illuminate/Pipeline/Pipeline.php(183): Illuminate\\Session\\Middleware\\StartSession->handle(Object(Illuminate\\Http\\Request), Object(Closure))
#41 /var/www/u2575153/data/www/smart-resources.tech/vendor/laravel/framework/src/Illuminate/Cookie/Middleware/AddQueuedCookiesToResponse.php(37): Illuminate\\Pipeline\\Pipeline->Illuminate\\Pipeline\\{closure}(Object(Illuminate\\Http\\Request))
#42 /var/www/u2575153/data/www/smart-resources.tech/vendor/laravel/framework/src/Illuminate/Pipeline/Pipeline.php(183): Illuminate\\Cookie\\Middleware\\AddQueuedCookiesToResponse->handle(Object(Illuminate\\Http\\Request), Object(Closure))
#43 /var/www/u2575153/data/www/smart-resources.tech/vendor/laravel/framework/src/Illuminate/Cookie/Middleware/EncryptCookies.php(67): Illuminate\\Pipeline\\Pipeline->Illuminate\\Pipeline\\{closure}(Object(Illuminate\\Http\\Request))
#44 /var/www/u2575153/data/www/smart-resources.tech/vendor/laravel/framework/src/Illuminate/Pipeline/Pipeline.php(183): Illuminate\\Cookie\\Middleware\\EncryptCookies->handle(Object(Illuminate\\Http\\Request), Object(Closure))
#45 /var/www/u2575153/data/www/smart-resources.tech/vendor/laravel/framework/src/Illuminate/Pipeline/Pipeline.php(119): Illuminate\\Pipeline\\Pipeline->Illuminate\\Pipeline\\{closure}(Object(Illuminate\\Http\\Request))
#46 /var/www/u2575153/data/www/smart-resources.tech/vendor/laravel/framework/src/Illuminate/Routing/Router.php(807): Illuminate\\Pipeline\\Pipeline->then(Object(Closure))
#47 /var/www/u2575153/data/www/smart-resources.tech/vendor/laravel/framework/src/Illuminate/Routing/Router.php(784): Illuminate\\Routing\\Router->runRouteWithinStack(Object(Illuminate\\Routing\\Route), Object(Illuminate\\Http\\Request))
#48 /var/www/u2575153/data/www/smart-resources.tech/vendor/laravel/framework/src/Illuminate/Routing/Router.php(748): Illuminate\\Routing\\Router->runRoute(Object(Illuminate\\Http\\Request), Object(Illuminate\\Routing\\Route))
#49 /var/www/u2575153/data/www/smart-resources.tech/vendor/laravel/framework/src/Illuminate/Routing/Router.php(737): Illuminate\\Routing\\Router->dispatchToRoute(Object(Illuminate\\Http\\Request))
#50 /var/www/u2575153/data/www/smart-resources.tech/vendor/laravel/framework/src/Illuminate/Foundation/Http/Kernel.php(200): Illuminate\\Routing\\Router->dispatch(Object(Illuminate\\Http\\Request))
#51 /var/www/u2575153/data/www/smart-resources.tech/vendor/laravel/framework/src/Illuminate/Pipeline/Pipeline.php(144): Illuminate\\Foundation\\Http\\Kernel->Illuminate\\Foundation\\Http\\{closure}(Object(Illuminate\\Http\\Request))
#52 /var/www/u2575153/data/www/smart-resources.tech/vendor/laravel/framework/src/Illuminate/Foundation/Http/Middleware/TransformsRequest.php(21): Illuminate\\Pipeline\\Pipeline->Illuminate\\Pipeline\\{closure}(Object(Illuminate\\Http\\Request))
#53 /var/www/u2575153/data/www/smart-resources.tech/vendor/laravel/framework/src/Illuminate/Foundation/Http/Middleware/ConvertEmptyStringsToNull.php(31): Illuminate\\Foundation\\Http\\Middleware\\TransformsRequest->handle(Object(Illuminate\\Http\\Request), Object(Closure))
#54 /var/www/u2575153/data/www/smart-resources.tech/vendor/laravel/framework/src/Illuminate/Pipeline/Pipeline.php(183): Illuminate\\Foundation\\Http\\Middleware\\ConvertEmptyStringsToNull->handle(Object(Illuminate\\Http\\Request), Object(Closure))
#55 /var/www/u2575153/data/www/smart-resources.tech/vendor/laravel/framework/src/Illuminate/Foundation/Http/Middleware/TransformsRequest.php(21): Illuminate\\Pipeline\\Pipeline->Illuminate\\Pipeline\\{closure}(Object(Illuminate\\Http\\Request))
#56 /var/www/u2575153/data/www/smart-resources.tech/vendor/laravel/framework/src/Illuminate/Foundation/Http/Middleware/TrimStrings.php(40): Illuminate\\Foundation\\Http\\Middleware\\TransformsRequest->handle(Object(Illuminate\\Http\\Request), Object(Closure))
#57 /var/www/u2575153/data/www/smart-resources.tech/vendor/laravel/framework/src/Illuminate/Pipeline/Pipeline.php(183): Illuminate\\Foundation\\Http\\Middleware\\TrimStrings->handle(Object(Illuminate\\Http\\Request), Object(Closure))
#58 /var/www/u2575153/data/www/smart-resources.tech/vendor/laravel/framework/src/Illuminate/Foundation/Http/Middleware/ValidatePostSize.php(27): Illuminate\\Pipeline\\Pipeline->Illuminate\\Pipeline\\{closure}(Object(Illuminate\\Http\\Request))
#59 /var/www/u2575153/data/www/smart-resources.tech/vendor/laravel/framework/src/Illuminate/Pipeline/Pipeline.php(183): Illuminate\\Foundation\\Http\\Middleware\\ValidatePostSize->handle(Object(Illuminate\\Http\\Request), Object(Closure))
#60 /var/www/u2575153/data/www/smart-resources.tech/vendor/laravel/framework/src/Illuminate/Foundation/Http/Middleware/PreventRequestsDuringMaintenance.php(99): Illuminate\\Pipeline\\Pipeline->Illuminate\\Pipeline\\{closure}(Object(Illuminate\\Http\\Request))
#61 /var/www/u2575153/data/www/smart-resources.tech/vendor/laravel/framework/src/Illuminate/Pipeline/Pipeline.php(183): Illuminate\\Foundation\\Http\\Middleware\\PreventRequestsDuringMaintenance->handle(Object(Illuminate\\Http\\Request), Object(Closure))
#62 /var/www/u2575153/data/www/smart-resources.tech/vendor/laravel/framework/src/Illuminate/Http/Middleware/HandleCors.php(49): Illuminate\\Pipeline\\Pipeline->Illuminate\\Pipeline\\{closure}(Object(Illuminate\\Http\\Request))
#63 /var/www/u2575153/data/www/smart-resources.tech/vendor/laravel/framework/src/Illuminate/Pipeline/Pipeline.php(183): Illuminate\\Http\\Middleware\\HandleCors->handle(Object(Illuminate\\Http\\Request), Object(Closure))
#64 /var/www/u2575153/data/www/smart-resources.tech/vendor/laravel/framework/src/Illuminate/Http/Middleware/TrustProxies.php(39): Illuminate\\Pipeline\\Pipeline->Illuminate\\Pipeline\\{closure}(Object(Illuminate\\Http\\Request))
#65 /var/www/u2575153/data/www/smart-resources.tech/vendor/laravel/framework/src/Illuminate/Pipeline/Pipeline.php(183): Illuminate\\Http\\Middleware\\TrustProxies->handle(Object(Illuminate\\Http\\Request), Object(Closure))
#66 /var/www/u2575153/data/www/smart-resources.tech/vendor/laravel/framework/src/Illuminate/Pipeline/Pipeline.php(119): Illuminate\\Pipeline\\Pipeline->Illuminate\\Pipeline\\{closure}(Object(Illuminate\\Http\\Request))
#67 /var/www/u2575153/data/www/smart-resources.tech/vendor/laravel/framework/src/Illuminate/Foundation/Http/Kernel.php(175): Illuminate\\Pipeline\\Pipeline->then(Object(Closure))
#68 /var/www/u2575153/data/www/smart-resources.tech/vendor/laravel/framework/src/Illuminate/Foundation/Http/Kernel.php(144): Illuminate\\Foundation\\Http\\Kernel->sendRequestThroughRouter(Object(Illuminate\\Http\\Request))
#69 /var/www/u2575153/data/www/smart-resources.tech/public/index.php(52): Illuminate\\Foundation\\Http\\Kernel->handle(Object(Illuminate\\Http\\Request))
#70 {main}
"} 
[2024-05-17 08:55:53] local.ERROR: Namespace declaration statement has to be the very first statement or after any declare call in the script {"exception":"[object] (Symfony\\Component\\ErrorHandler\\Error\\FatalError(code: 0): Namespace declaration statement has to be the very first statement or after any declare call in the script at /var/www/u2575153/data/www/smart-resources.tech/vendor/spatie/laravel-ignition/src/Support/LaravelDocumentationLinkFinder.php:3)
[stacktrace]
#0 {main}
"} 
[2024-05-26 18:05:50] production.ERROR: Class "Symfony\Component\Console\Command\ListCommand" not found {"exception":"[object] (Error(code: 0): Class \"Symfony\\Component\\Console\\Command\\ListCommand\" not found at /var/www/u2575153/data/www/smart-resources.tech/vendor/symfony/console/Application.php:1151)
[stacktrace]
#0 /var/www/u2575153/data/www/smart-resources.tech/vendor/symfony/console/Application.php(1327): Symfony\\Component\\Console\\Application->getDefaultCommands()
#1 /var/www/u2575153/data/www/smart-resources.tech/vendor/symfony/console/Application.php(548): Symfony\\Component\\Console\\Application->init()
#2 /var/www/u2575153/data/www/smart-resources.tech/vendor/laravel/framework/src/Illuminate/Console/Application.php(228): Symfony\\Component\\Console\\Application->add(Object(Illuminate\\Database\\Console\\DbCommand))
#3 /var/www/u2575153/data/www/smart-resources.tech/vendor/laravel/framework/src/Illuminate/Console/Application.php(217): Illuminate\\Console\\Application->addToParent(Object(Illuminate\\Database\\Console\\DbCommand))
#4 /var/www/u2575153/data/www/smart-resources.tech/vendor/laravel/framework/src/Illuminate/Console/Application.php(251): Illuminate\\Console\\Application->add(Object(Illuminate\\Database\\Console\\DbCommand))
#5 /var/www/u2575153/data/www/smart-resources.tech/vendor/laravel/framework/src/Illuminate/Console/Application.php(265): Illuminate\\Console\\Application->resolve('Illuminate\\\\Data...')
#6 /var/www/u2575153/data/www/smart-resources.tech/vendor/laravel/framework/src/Illuminate/Support/ServiceProvider.php(404): Illuminate\\Console\\Application->resolveCommands(Array)
#7 /var/www/u2575153/data/www/smart-resources.tech/vendor/laravel/framework/src/Illuminate/Console/Application.php(130): Illuminate\\Support\\ServiceProvider->Illuminate\\Support\\{closure}(Object(Illuminate\\Console\\Application))
#8 /var/www/u2575153/data/www/smart-resources.tech/vendor/laravel/framework/src/Illuminate/Console/Application.php(77): Illuminate\\Console\\Application->bootstrap()
#9 /var/www/u2575153/data/www/smart-resources.tech/vendor/laravel/framework/src/Illuminate/Foundation/Console/Kernel.php(481): Illuminate\\Console\\Application->__construct(Object(Illuminate\\Foundation\\Application), Object(Illuminate\\Events\\Dispatcher), '10.48.10')
#10 /var/www/u2575153/data/www/smart-resources.tech/vendor/laravel/framework/src/Illuminate/Foundation/Console/Kernel.php(201): Illuminate\\Foundation\\Console\\Kernel->getArtisan()
#11 /var/www/u2575153/data/www/smart-resources.tech/artisan(35): Illuminate\\Foundation\\Console\\Kernel->handle(Object(Symfony\\Component\\Console\\Input\\ArgvInput), Object(Symfony\\Component\\Console\\Output\\ConsoleOutput))
#12 {main}
"} 
[2024-05-26 18:06:26] production.ERROR: Class "Symfony\Component\Console\Command\ListCommand" not found {"exception":"[object] (Error(code: 0): Class \"Symfony\\Component\\Console\\Command\\ListCommand\" not found at /var/www/u2575153/data/www/smart-resources.tech/vendor/symfony/console/Application.php:1151)
[stacktrace]
#0 /var/www/u2575153/data/www/smart-resources.tech/vendor/symfony/console/Application.php(1327): Symfony\\Component\\Console\\Application->getDefaultCommands()
#1 /var/www/u2575153/data/www/smart-resources.tech/vendor/symfony/console/Application.php(548): Symfony\\Component\\Console\\Application->init()
#2 /var/www/u2575153/data/www/smart-resources.tech/vendor/laravel/framework/src/Illuminate/Console/Application.php(228): Symfony\\Component\\Console\\Application->add(Object(Illuminate\\Database\\Console\\DbCommand))
#3 /var/www/u2575153/data/www/smart-resources.tech/vendor/laravel/framework/src/Illuminate/Console/Application.php(217): Illuminate\\Console\\Application->addToParent(Object(Illuminate\\Database\\Console\\DbCommand))
#4 /var/www/u2575153/data/www/smart-resources.tech/vendor/laravel/framework/src/Illuminate/Console/Application.php(251): Illuminate\\Console\\Application->add(Object(Illuminate\\Database\\Console\\DbCommand))
#5 /var/www/u2575153/data/www/smart-resources.tech/vendor/laravel/framework/src/Illuminate/Console/Application.php(265): Illuminate\\Console\\Application->resolve('Illuminate\\\\Data...')
#6 /var/www/u2575153/data/www/smart-resources.tech/vendor/laravel/framework/src/Illuminate/Support/ServiceProvider.php(404): Illuminate\\Console\\Application->resolveCommands(Array)
#7 /var/www/u2575153/data/www/smart-resources.tech/vendor/laravel/framework/src/Illuminate/Console/Application.php(130): Illuminate\\Support\\ServiceProvider->Illuminate\\Support\\{closure}(Object(Illuminate\\Console\\Application))
#8 /var/www/u2575153/data/www/smart-resources.tech/vendor/laravel/framework/src/Illuminate/Console/Application.php(77): Illuminate\\Console\\Application->bootstrap()
#9 /var/www/u2575153/data/www/smart-resources.tech/vendor/laravel/framework/src/Illuminate/Foundation/Console/Kernel.php(481): Illuminate\\Console\\Application->__construct(Object(Illuminate\\Foundation\\Application), Object(Illuminate\\Events\\Dispatcher), '10.48.10')
#10 /var/www/u2575153/data/www/smart-resources.tech/vendor/laravel/framework/src/Illuminate/Foundation/Console/Kernel.php(201): Illuminate\\Foundation\\Console\\Kernel->getArtisan()
#11 /var/www/u2575153/data/www/smart-resources.tech/artisan(35): Illuminate\\Foundation\\Console\\Kernel->handle(Object(Symfony\\Component\\Console\\Input\\ArgvInput), Object(Symfony\\Component\\Console\\Output\\ConsoleOutput))
#12 {main}
"} 
[2024-05-26 18:07:54] production.ERROR: Class "Symfony\Component\Console\Command\ListCommand" not found {"exception":"[object] (Error(code: 0): Class \"Symfony\\Component\\Console\\Command\\ListCommand\" not found at /var/www/u2575153/data/www/smart-resources.tech/vendor/symfony/console/Application.php:1151)
[stacktrace]
#0 /var/www/u2575153/data/www/smart-resources.tech/vendor/symfony/console/Application.php(1327): Symfony\\Component\\Console\\Application->getDefaultCommands()
#1 /var/www/u2575153/data/www/smart-resources.tech/vendor/symfony/console/Application.php(548): Symfony\\Component\\Console\\Application->init()
#2 /var/www/u2575153/data/www/smart-resources.tech/vendor/laravel/framework/src/Illuminate/Console/Application.php(228): Symfony\\Component\\Console\\Application->add(Object(Laravel\\Sanctum\\Console\\Commands\\PruneExpired))
#3 /var/www/u2575153/data/www/smart-resources.tech/vendor/laravel/framework/src/Illuminate/Console/Application.php(217): Illuminate\\Console\\Application->addToParent(Object(Laravel\\Sanctum\\Console\\Commands\\PruneExpired))
#4 /var/www/u2575153/data/www/smart-resources.tech/vendor/laravel/framework/src/Illuminate/Console/Application.php(251): Illuminate\\Console\\Application->add(Object(Laravel\\Sanctum\\Console\\Commands\\PruneExpired))
#5 /var/www/u2575153/data/www/smart-resources.tech/vendor/laravel/framework/src/Illuminate/Console/Application.php(265): Illuminate\\Console\\Application->resolve('Laravel\\\\Sanctum...')
#6 /var/www/u2575153/data/www/smart-resources.tech/vendor/laravel/framework/src/Illuminate/Support/ServiceProvider.php(404): Illuminate\\Console\\Application->resolveCommands(Array)
#7 /var/www/u2575153/data/www/smart-resources.tech/vendor/laravel/framework/src/Illuminate/Console/Application.php(130): Illuminate\\Support\\ServiceProvider->Illuminate\\Support\\{closure}(Object(Illuminate\\Console\\Application))
#8 /var/www/u2575153/data/www/smart-resources.tech/vendor/laravel/framework/src/Illuminate/Console/Application.php(77): Illuminate\\Console\\Application->bootstrap()
#9 /var/www/u2575153/data/www/smart-resources.tech/vendor/laravel/framework/src/Illuminate/Foundation/Console/Kernel.php(481): Illuminate\\Console\\Application->__construct(Object(Illuminate\\Foundation\\Application), Object(Illuminate\\Events\\Dispatcher), '10.48.10')
#10 /var/www/u2575153/data/www/smart-resources.tech/vendor/laravel/framework/src/Illuminate/Foundation/Console/Kernel.php(201): Illuminate\\Foundation\\Console\\Kernel->getArtisan()
#11 /var/www/u2575153/data/www/smart-resources.tech/artisan(35): Illuminate\\Foundation\\Console\\Kernel->handle(Object(Symfony\\Component\\Console\\Input\\ArgvInput), Object(Symfony\\Component\\Console\\Output\\ConsoleOutput))
#12 {main}
"} 
